Arguments: 
  /usr/bin/node /usr/local/bin/yarn

PATH: 
  /home/senpai/.deno/bin:/home/senpai/go/bin:/home/senpai/scripts:/home/senpai/AppImages:/home/senpai/jars:/home/senpai/.cargo/bin:/home/senpai/.local/bin:/home/senpai/.yarn/bin:/home/senpai/.bun/bin:/home/senpai/.spicetify:/home/senpai/.local/share/pnpm:/usr/local/bin:/usr/bin:/bin:/usr/local/games:/usr/games

Yarn version: 
  1.22.19

Node version: 
  18.13.0

Platform: 
  linux x64

Trace: 
  Error: connect EHOSTUNREACH 2606:4700::6810:123:443
      at TCPConnectWrap.afterConnect [as oncomplete] (node:net:1481:16)

npm manifest: 
  {
    "name": "argon",
    "version": "0.0.0",
    "description": "",
    "scripts": {
      "start": "vite",
      "dev": "vite",
      "build": "vite build",
      "serve": "vite preview",
      "tauri": "tauri"
    },
    "license": "MIT",
    "dependencies": {
      "solid-js": "^1.7.8",
      "@tauri-apps/api": "^1.4.0"
    },
    "devDependencies": {
      "typescript": "^5.0.2",
      "vite": "^4.4.4",
      "vite-plugin-solid": "^2.7.0",
      "@tauri-apps/cli": "^1.4.0"
    }
  }

yarn manifest: 
  No manifest

Lockfile: 
  No lockfile
